<?xml version="1.0" encoding="UTF-8"?>
<!-- Generated by org.testng.reporters.JUnitXMLReporter -->
<testsuite ignored="3" hostname="DESKTOP-8SHDVV7" failures="0" tests="1" name="Default test" time="9.112" errors="0" timestamp="2025-07-01T13:34:53 IST">
  <testcase classname="com.framework.goibibo" name="usingPOM" time="3.634"/>
  <testcase classname="com.framework.goibibo" name="homepage" time="0.0">
    <ignored/>
  </testcase> <!-- homepage -->
  <testcase classname="com.framework.goibibo" name="sample" time="0.0">
    <ignored/>
  </testcase> <!-- sample -->
  <testcase classname="com.framework.goibibo" name="HomePageUsingKeyword" time="0.0">
    <ignored/>
  </testcase> <!-- HomePageUsingKeyword -->
</testsuite> <!-- Default test -->
