<?xml version="1.0" encoding="UTF-8"?>
<testng-results ignored="2" total="3" passed="1" failed="0" skipped="0">
  <reporter-output>
  </reporter-output>
  <suite started-at="2025-06-28T08:46:10 IST" name="Default suite" finished-at="2025-06-28T08:46:17 IST" duration-ms="6905">
    <groups>
    </groups>
    <test started-at="2025-06-28T08:46:10 IST" name="Default test" finished-at="2025-06-28T08:46:17 IST" duration-ms="6905">
      <class name="com.framework.goibibo">
        <test-method is-config="true" signature="launchBrowser()[pri:0, instance:com.framework.goibibo@20d525]" started-at="2025-06-28T08:46:10 IST" name="launchBrowser" finished-at="2025-06-28T08:46:13 IST" duration-ms="2597" status="PASS">
          <reporter-output>
          </reporter-output>
        </test-method> <!-- launchBrowser -->
        <test-method signature="sample()[pri:0, instance:com.framework.goibibo@20d525]" started-at="2025-06-28T08:46:13 IST" name="sample" finished-at="2025-06-28T08:46:17 IST" duration-ms="4244" status="PASS">
          <reporter-output>
          </reporter-output>
        </test-method> <!-- sample -->
      </class> <!-- com.framework.goibibo -->
    </test> <!-- Default test -->
  </suite> <!-- Default suite -->
</testng-results>
