<?xml version="1.0" encoding="UTF-8"?>
<testng-results ignored="3" total="4" passed="1" failed="0" skipped="0">
  <reporter-output>
  </reporter-output>
  <suite started-at="2025-07-01T13:34:44 IST" name="Default suite" finished-at="2025-07-01T13:34:53 IST" duration-ms="9112">
    <groups>
    </groups>
    <test started-at="2025-07-01T13:34:44 IST" name="Default test" finished-at="2025-07-01T13:34:53 IST" duration-ms="9112">
      <class name="com.framework.goibibo">
        <test-method is-config="true" signature="launchBrowser()[pri:0, instance:com.framework.goibibo@6200f9cb]" started-at="2025-07-01T13:34:44 IST" name="launchBrowser" finished-at="2025-07-01T13:34:49 IST" duration-ms="5407" status="PASS">
          <reporter-output>
          </reporter-output>
        </test-method> <!-- launchBrowser -->
        <test-method signature="usingPOM()[pri:0, instance:com.framework.goibibo@6200f9cb]" started-at="2025-07-01T13:34:49 IST" name="usingPOM" finished-at="2025-07-01T13:34:53 IST" duration-ms="3634" status="PASS">
          <reporter-output>
          </reporter-output>
        </test-method> <!-- usingPOM -->
      </class> <!-- com.framework.goibibo -->
    </test> <!-- Default test -->
  </suite> <!-- Default suite -->
</testng-results>
